[  0%] [  0%] [  0%] [  0%] Built target roscpp_generate_messages_py
Built target roscpp_generate_messages_cpp
Built target std_msgs_generate_messages_lisp
Built target geometry_msgs_generate_messages_lisp
[  0%] [  0%] Built target rosgraph_msgs_generate_messages_lisp
Built target geometry_msgs_generate_messages_py
[  0%] [  0%] Built target roscpp_generate_messages_lisp
Built target std_msgs_generate_messages_py
[  0%] [  0%] Built target std_msgs_generate_messages_cpp
Built target rosgraph_msgs_generate_messages_cpp
[  0%] [  0%] Built target rosgraph_msgs_generate_messages_py
Built target geometry_msgs_generate_messages_cpp
[35m[1mScanning dependencies of target tracking_node
[0m[100%] [100%] [32mBuilding CXX object CMakeFiles/dummy_pos_node.dir/dummy_pos.cpp.o
[32mBuilding CXX object CMakeFiles/tracking_node.dir/tracking.cpp.o
In file included from /usr/include/c++/4.8/random:35:0,
                 from /home/elikos/tracking_ws/src/tracking/dummy_pos.cpp:6:
/usr/include/c++/4.8/bits/c++0x_warning.h:32:2: error: #error This file requires compiler and library support for the ISO C++ 2011 standard. This support is currently experimental, and must be enabled with the -std=c++11 or -std=gnu++11 compiler options.
 #error This file requires compiler and library support for the \
  ^
/home/elikos/tracking_ws/src/tracking/dummy_pos.cpp: In function â€˜int main(int, char**)â€™:
/home/elikos/tracking_ws/src/tracking/dummy_pos.cpp:29:3: error: â€˜default_random_engineâ€™ is not a member of â€˜stdâ€™
   std::default_random_engine generator;
   ^
/home/elikos/tracking_ws/src/tracking/dummy_pos.cpp:29:30: error: expected â€˜;â€™ before â€˜generatorâ€™
   std::default_random_engine generator;
                              ^
/home/elikos/tracking_ws/src/tracking/dummy_pos.cpp:30:3: error: â€˜uniform_real_distributionâ€™ is not a member of â€˜stdâ€™
   std::uniform_real_distribution<double> distribution(0.0,1.0);
   ^
/home/elikos/tracking_ws/src/tracking/dummy_pos.cpp:30:34: error: expected primary-expression before â€˜doubleâ€™
   std::uniform_real_distribution<double> distribution(0.0,1.0);
                                  ^
/home/elikos/tracking_ws/src/tracking/dummy_pos.cpp:30:34: error: expected â€˜;â€™ before â€˜doubleâ€™
/home/elikos/tracking_ws/src/tracking/dummy_pos.cpp:34:34: error: â€˜generatorâ€™ was not declared in this scope
     int rand_incr = distribution(generator);
                                  ^
/home/elikos/tracking_ws/src/tracking/dummy_pos.cpp:34:43: error: â€˜distributionâ€™ was not declared in this scope
     int rand_incr = distribution(generator);
                                           ^
In file included from /home/elikos/tracking_ws/src/tracking/tracking.cpp:3:0:
/home/elikos/tracking_ws/src/tracking/msg/RobotPos.msg:1:1: error: â€˜std_msgsâ€™ does not name a type
 std_msgs/Header     header
 ^
In file included from /home/elikos/tracking_ws/src/tracking/tracking.cpp:4:0:
/opt/ros/indigo/include/geometry_msgs/Point.h: In function â€˜std::ostream& geometry_msgs::operator<<(std::ostream&, const geometry_msgs::Point_<ContainerAllocator>&)â€™:
/opt/ros/indigo/include/geometry_msgs/Point.h:69:6: error: â€˜ros::message_operationsâ€™ has not been declared
 ros::message_operations::Printer< ::geometry_msgs::Point_<ContainerAllocator> >::stream(s, "", v);
      ^
/opt/ros/indigo/include/geometry_msgs/Point.h:69:79: error: expected primary-expression before â€˜>â€™ token
 ros::message_operations::Printer< ::geometry_msgs::Point_<ContainerAllocator> >::stream(s, "", v);
                                                                               ^
/opt/ros/indigo/include/geometry_msgs/Point.h:69:80: error: â€˜::streamâ€™ has not been declared
 ros::message_operations::Printer< ::geometry_msgs::Point_<ContainerAllocator> >::stream(s, "", v);
                                                                                ^
In file included from /home/elikos/tracking_ws/src/tracking/tracking.cpp:4:0:
/opt/ros/indigo/include/geometry_msgs/Point.h: At global scope:
/opt/ros/indigo/include/geometry_msgs/Point.h:189:8: error: â€˜Printerâ€™ is not a class template
 struct Printer< ::geometry_msgs::Point_<ContainerAllocator> >
        ^
make[2]: *** [CMakeFiles/dummy_pos_node.dir/dummy_pos.cpp.o] Error 1
make[1]: *** [CMakeFiles/dummy_pos_node.dir/all] Error 2
make[1]: *** Waiting for unfinished jobs....
/home/elikos/tracking_ws/src/tracking/tracking.cpp:9:21: error: â€˜stateSizeâ€™ was not declared in this scope
 cv::KalmanFilter kf(stateSize, measSize);
                     ^
/home/elikos/tracking_ws/src/tracking/tracking.cpp:9:32: error: â€˜measSizeâ€™ was not declared in this scope
 cv::KalmanFilter kf(stateSize, measSize);
                                ^
/home/elikos/tracking_ws/src/tracking/tracking.cpp: In function â€˜int main(int, char**)â€™:
/home/elikos/tracking_ws/src/tracking/tracking.cpp:44:29: error: no matching function for call to â€˜cv::Mat::at(int)â€™
    kf.measurementMatrix.at(0) = 1.0f;
                             ^
/home/elikos/tracking_ws/src/tracking/tracking.cpp:44:29: note: candidates are:
In file included from /usr/include/opencv2/highgui/highgui.hpp:46:0,
                 from /home/elikos/tracking_ws/src/tracking/tracking.cpp:6:
/usr/include/opencv2/core/core.hpp:1944:33: note: template<class _Tp> _Tp& cv::Mat::at(int)
     template<typename _Tp> _Tp& at(int i0=0);
                                 ^
/usr/include/opencv2/core/core.hpp:1944:33: note:   template argument deduction/substitution failed:
/home/elikos/tracking_ws/src/tracking/tracking.cpp:44:29: note:   couldn't deduce template parameter â€˜_Tpâ€™
    kf.measurementMatrix.at(0) = 1.0f;
                             ^
In file included from /usr/include/opencv2/highgui/highgui.hpp:46:0,
                 from /home/elikos/tracking_ws/src/tracking/tracking.cpp:6:
/usr/include/opencv2/core/core.hpp:1945:39: note: template<class _Tp> const _Tp& cv::Mat::at(int) const
     template<typename _Tp> const _Tp& at(int i0=0) const;
                                       ^
/usr/include/opencv2/core/core.hpp:1945:39: note:   template argument deduction/substitution failed:
/home/elikos/tracking_ws/src/tracking/tracking.cpp:44:29: note:   couldn't deduce template parameter â€˜_Tpâ€™
    kf.measurementMatrix.at(0) = 1.0f;
                             ^
In file included from /usr/include/opencv2/highgui/highgui.hpp:46:0,
                 from /home/elikos/tracking_ws/src/tracking/tracking.cpp:6:
/usr/include/opencv2/core/core.hpp:1947:33: note: template<class _Tp> _Tp& cv::Mat::at(int, int)
     template<typename _Tp> _Tp& at(int i0, int i1);
                                 ^
/usr/include/opencv2/core/core.hpp:1947:33: note:   template argument deduction/substitution failed:
/home/elikos/tracking_ws/src/tracking/tracking.cpp:44:29: note:   candidate expects 2 arguments, 1 provided
    kf.measurementMatrix.at(0) = 1.0f;
                             ^
In file included from /usr/include/opencv2/highgui/highgui.hpp:46:0,
                 from /home/elikos/tracking_ws/src/tracking/tracking.cpp:6:
/usr/include/opencv2/core/core.hpp:1948:39: note: template<class _Tp> const _Tp& cv::Mat::at(int, int) const
     template<typename _Tp> const _Tp& at(int i0, int i1) const;
                                       ^
/usr/include/opencv2/core/core.hpp:1948:39: note:   template argument deduction/substitution failed:
/home/elikos/tracking_ws/src/tracking/tracking.cpp:44:29: note:   candidate expects 2 arguments, 1 provided
    kf.measurementMatrix.at(0) = 1.0f;
                             ^
In file included from /usr/include/opencv2/highgui/highgui.hpp:46:0,
                 from /home/elikos/tracking_ws/src/tracking/tracking.cpp:6:
/usr/include/opencv2/core/core.hpp:1950:33: note: template<class _Tp> _Tp& cv::Mat::at(int, int, int)
     template<typename _Tp> _Tp& at(int i0, int i1, int i2);
                                 ^
/usr/include/opencv2/core/core.hpp:1950:33: note:   template argument deduction/substitution failed:
/home/elikos/tracking_ws/src/tracking/tracking.cpp:44:29: note:   candidate expects 3 arguments, 1 provided
    kf.measurementMatrix.at(0) = 1.0f;
                             ^
In file included from /usr/include/opencv2/highgui/highgui.hpp:46:0,
                 from /home/elikos/tracking_ws/src/tracking/tracking.cpp:6:
/usr/include/opencv2/core/core.hpp:1951:39: note: template<class _Tp> const _Tp& cv::Mat::at(int, int, int) const
     template<typename _Tp> const _Tp& at(int i0, int i1, int i2) const;
                                       ^
/usr/include/opencv2/core/core.hpp:1951:39: note:   template argument deduction/substitution failed:
/home/elikos/tracking_ws/src/tracking/tracking.cpp:44:29: note:   candidate expects 3 arguments, 1 provided
    kf.measurementMatrix.at(0) = 1.0f;
                             ^
In file included from /usr/include/opencv2/highgui/highgui.hpp:46:0,
                 from /home/elikos/tracking_ws/src/tracking/tracking.cpp:6:
/usr/include/opencv2/core/core.hpp:1953:33: note: template<class _Tp> _Tp& cv::Mat::at(const int*)
     template<typename _Tp> _Tp& at(const int* idx);
                                 ^
/usr/include/opencv2/core/core.hpp:1953:33: note:   template argument deduction/substitution failed:
/home/elikos/tracking_ws/src/tracking/tracking.cpp:44:29: note:   couldn't deduce template parameter â€˜_Tpâ€™
    kf.measurementMatrix.at(0) = 1.0f;
                             ^
In file included from /usr/include/opencv2/highgui/highgui.hpp:46:0,
                 from /home/elikos/tracking_ws/src/tracking/tracking.cpp:6:
/usr/include/opencv2/core/core.hpp:1954:39: note: template<class _Tp> const _Tp& cv::Mat::at(const int*) const
     template<typename _Tp> const _Tp& at(const int* idx) const;
                                       ^
/usr/include/opencv2/core/core.hpp:1954:39: note:   template argument deduction/substitution failed:
/home/elikos/tracking_ws/src/tracking/tracking.cpp:44:29: note:   couldn't deduce template parameter â€˜_Tpâ€™
    kf.measurementMatrix.at(0) = 1.0f;
                             ^
In file included from /usr/include/opencv2/highgui/highgui.hpp:46:0,
                 from /home/elikos/tracking_ws/src/tracking/tracking.cpp:6:
/usr/include/opencv2/core/core.hpp:1956:40: note: template<class _Tp, int n> _Tp& cv::Mat::at(const cv::Vec<int, n>&)
     template<typename _Tp, int n> _Tp& at(const Vec<int, n>& idx);
                                        ^
/usr/include/opencv2/core/core.hpp:1956:40: note:   template argument deduction/substitution failed:
/home/elikos/tracking_ws/src/tracking/tracking.cpp:44:29: note:   mismatched types â€˜const cv::Vec<int, n>â€™ and â€˜intâ€™
    kf.measurementMatrix.at(0) = 1.0f;
                             ^
In file included from /usr/include/opencv2/highgui/highgui.hpp:46:0,
                 from /home/elikos/tracking_ws/src/tracking/tracking.cpp:6:
/usr/include/opencv2/core/core.hpp:1957:46: note: template<class _Tp, int n> const _Tp& cv::Mat::at(const cv::Vec<int, n>&) const
     template<typename _Tp, int n> const _Tp& at(const Vec<int, n>& idx) const;
                                              ^
/usr/include/opencv2/core/core.hpp:1957:46: note:   template argument deduction/substitution failed:
/home/elikos/tracking_ws/src/tracking/tracking.cpp:44:29: note:   mismatched types â€˜const cv::Vec<int, n>â€™ and â€˜intâ€™
    kf.measurementMatrix.at(0) = 1.0f;
                             ^
In file included from /usr/include/opencv2/highgui/highgui.hpp:46:0,
                 from /home/elikos/tracking_ws/src/tracking/tracking.cpp:6:
/usr/include/opencv2/core/core.hpp:1960:33: note: template<class _Tp> _Tp& cv::Mat::at(cv::Point)
     template<typename _Tp> _Tp& at(Point pt);
                                 ^
/usr/include/opencv2/core/core.hpp:1960:33: note:   template argument deduction/substitution failed:
/home/elikos/tracking_ws/src/tracking/tracking.cpp:44:29: note:   cannot convert â€˜0â€™ (type â€˜intâ€™) to type â€˜cv::Pointâ€™
    kf.measurementMatrix.at(0) = 1.0f;
                             ^
In file included from /usr/include/opencv2/highgui/highgui.hpp:46:0,
                 from /home/elikos/tracking_ws/src/tracking/tracking.cpp:6:
/usr/include/opencv2/core/core.hpp:1961:39: note: template<class _Tp> const _Tp& cv::Mat::at(cv::Point) const
     template<typename _Tp> const _Tp& at(Point pt) const;
                                       ^
/usr/include/opencv2/core/core.hpp:1961:39: note:   template argument deduction/substitution failed:
/home/elikos/tracking_ws/src/tracking/tracking.cpp:44:29: note:   cannot convert â€˜0â€™ (type â€˜intâ€™) to type â€˜cv::Pointâ€™
    kf.measurementMatrix.at(0) = 1.0f;
                             ^
/home/elikos/tracking_ws/src/tracking/tracking.cpp:45:29: error: no matching function for call to â€˜cv::Mat::at(int)â€™
    kf.measurementMatrix.at(8) = 1.0f;
                             ^
/home/elikos/tracking_ws/src/tracking/tracking.cpp:45:29: note: candidates are:
In file included from /usr/include/opencv2/highgui/highgui.hpp:46:0,
                 from /home/elikos/tracking_ws/src/tracking/tracking.cpp:6:
/usr/include/opencv2/core/core.hpp:1944:33: note: template<class _Tp> _Tp& cv::Mat::at(int)
     template<typename _Tp> _Tp& at(int i0=0);
                                 ^
/usr/include/opencv2/core/core.hpp:1944:33: note:   template argument deduction/substitution failed:
/home/elikos/tracking_ws/src/tracking/tracking.cpp:45:29: note:   couldn't deduce template parameter â€˜_Tpâ€™
    kf.measurementMatrix.at(8) = 1.0f;
                             ^
In file included from /usr/include/opencv2/highgui/highgui.hpp:46:0,
                 from /home/elikos/tracking_ws/src/tracking/tracking.cpp:6:
/usr/include/opencv2/core/core.hpp:1945:39: note: template<class _Tp> const _Tp& cv::Mat::at(int) const
     template<typename _Tp> const _Tp& at(int i0=0) const;
                                       ^
/usr/include/opencv2/core/core.hpp:1945:39: note:   template argument deduction/substitution failed:
/home/elikos/tracking_ws/src/tracking/tracking.cpp:45:29: note:   couldn't deduce template parameter â€˜_Tpâ€™
    kf.measurementMatrix.at(8) = 1.0f;
                             ^
In file included from /usr/include/opencv2/highgui/highgui.hpp:46:0,
                 from /home/elikos/tracking_ws/src/tracking/tracking.cpp:6:
/usr/include/opencv2/core/core.hpp:1947:33: note: template<class _Tp> _Tp& cv::Mat::at(int, int)
     template<typename _Tp> _Tp& at(int i0, int i1);
                                 ^
/usr/include/opencv2/core/core.hpp:1947:33: note:   template argument deduction/substitution failed:
/home/elikos/tracking_ws/src/tracking/tracking.cpp:45:29: note:   candidate expects 2 arguments, 1 provided
    kf.measurementMatrix.at(8) = 1.0f;
                             ^
In file included from /usr/include/opencv2/highgui/highgui.hpp:46:0,
                 from /home/elikos/tracking_ws/src/tracking/tracking.cpp:6:
/usr/include/opencv2/core/core.hpp:1948:39: note: template<class _Tp> const _Tp& cv::Mat::at(int, int) const
     template<typename _Tp> const _Tp& at(int i0, int i1) const;
                                       ^
/usr/include/opencv2/core/core.hpp:1948:39: note:   template argument deduction/substitution failed:
/home/elikos/tracking_ws/src/tracking/tracking.cpp:45:29: note:   candidate expects 2 arguments, 1 provided
    kf.measurementMatrix.at(8) = 1.0f;
                             ^
In file included from /usr/include/opencv2/highgui/highgui.hpp:46:0,
                 from /home/elikos/tracking_ws/src/tracking/tracking.cpp:6:
/usr/include/opencv2/core/core.hpp:1950:33: note: template<class _Tp> _Tp& cv::Mat::at(int, int, int)
     template<typename _Tp> _Tp& at(int i0, int i1, int i2);
                                 ^
/usr/include/opencv2/core/core.hpp:1950:33: note:   template argument deduction/substitution failed:
/home/elikos/tracking_ws/src/tracking/tracking.cpp:45:29: note:   candidate expects 3 arguments, 1 provided
    kf.measurementMatrix.at(8) = 1.0f;
                             ^
In file included from /usr/include/opencv2/highgui/highgui.hpp:46:0,
                 from /home/elikos/tracking_ws/src/tracking/tracking.cpp:6:
/usr/include/opencv2/core/core.hpp:1951:39: note: template<class _Tp> const _Tp& cv::Mat::at(int, int, int) const
     template<typename _Tp> const _Tp& at(int i0, int i1, int i2) const;
                                       ^
/usr/include/opencv2/core/core.hpp:1951:39: note:   template argument deduction/substitution failed:
/home/elikos/tracking_ws/src/tracking/tracking.cpp:45:29: note:   candidate expects 3 arguments, 1 provided
    kf.measurementMatrix.at(8) = 1.0f;
                             ^
In file included from /usr/include/opencv2/highgui/highgui.hpp:46:0,
                 from /home/elikos/tracking_ws/src/tracking/tracking.cpp:6:
/usr/include/opencv2/core/core.hpp:1953:33: note: template<class _Tp> _Tp& cv::Mat::at(const int*)
     template<typename _Tp> _Tp& at(const int* idx);
                                 ^
/usr/include/opencv2/core/core.hpp:1953:33: note:   template argument deduction/substitution failed:
/home/elikos/tracking_ws/src/tracking/tracking.cpp:45:29: note:   cannot convert â€˜8â€™ (type â€˜intâ€™) to type â€˜const int*â€™
    kf.measurementMatrix.at(8) = 1.0f;
                             ^
In file included from /usr/include/opencv2/highgui/highgui.hpp:46:0,
                 from /home/elikos/tracking_ws/src/tracking/tracking.cpp:6:
/usr/include/opencv2/core/core.hpp:1954:39: note: template<class _Tp> const _Tp& cv::Mat::at(const int*) const
     template<typename _Tp> const _Tp& at(const int* idx) const;
                                       ^
/usr/include/opencv2/core/core.hpp:1954:39: note:   template argument deduction/substitution failed:
/home/elikos/tracking_ws/src/tracking/tracking.cpp:45:29: note:   cannot convert â€˜8â€™ (type â€˜intâ€™) to type â€˜const int*â€™
    kf.measurementMatrix.at(8) = 1.0f;
                             ^
In file included from /usr/include/opencv2/highgui/highgui.hpp:46:0,
                 from /home/elikos/tracking_ws/src/tracking/tracking.cpp:6:
/usr/include/opencv2/core/core.hpp:1956:40: note: template<class _Tp, int n> _Tp& cv::Mat::at(const cv::Vec<int, n>&)
     template<typename _Tp, int n> _Tp& at(const Vec<int, n>& idx);
                                        ^
/usr/include/opencv2/core/core.hpp:1956:40: note:   template argument deduction/substitution failed:
/home/elikos/tracking_ws/src/tracking/tracking.cpp:45:29: note:   mismatched types â€˜const cv::Vec<int, n>â€™ and â€˜intâ€™
    kf.measurementMatrix.at(8) = 1.0f;
                             ^
In file included from /usr/include/opencv2/highgui/highgui.hpp:46:0,
                 from /home/elikos/tracking_ws/src/tracking/tracking.cpp:6:
/usr/include/opencv2/core/core.hpp:1957:46: note: template<class _Tp, int n> const _Tp& cv::Mat::at(const cv::Vec<int, n>&) const
     template<typename _Tp, int n> const _Tp& at(const Vec<int, n>& idx) const;
                                              ^
/usr/include/opencv2/core/core.hpp:1957:46: note:   template argument deduction/substitution failed:
/home/elikos/tracking_ws/src/tracking/tracking.cpp:45:29: note:   mismatched types â€˜const cv::Vec<int, n>â€™ and â€˜intâ€™
    kf.measurementMatrix.at(8) = 1.0f;
                             ^
In file included from /usr/include/opencv2/highgui/highgui.hpp:46:0,
                 from /home/elikos/tracking_ws/src/tracking/tracking.cpp:6:
/usr/include/opencv2/core/core.hpp:1960:33: note: template<class _Tp> _Tp& cv::Mat::at(cv::Point)
     template<typename _Tp> _Tp& at(Point pt);
                                 ^
/usr/include/opencv2/core/core.hpp:1960:33: note:   template argument deduction/substitution failed:
/home/elikos/tracking_ws/src/tracking/tracking.cpp:45:29: note:   cannot convert â€˜8â€™ (type â€˜intâ€™) to type â€˜cv::Pointâ€™
    kf.measurementMatrix.at(8) = 1.0f;
                             ^
In file included from /usr/include/opencv2/highgui/highgui.hpp:46:0,
                 from /home/elikos/tracking_ws/src/tracking/tracking.cpp:6:
/usr/include/opencv2/core/core.hpp:1961:39: note: template<class _Tp> const _Tp& cv::Mat::at(cv::Point) const
     template<typename _Tp> const _Tp& at(Point pt) const;
                                       ^
/usr/include/opencv2/core/core.hpp:1961:39: note:   template argument deduction/substitution failed:
/home/elikos/tracking_ws/src/tracking/tracking.cpp:45:29: note:   cannot convert â€˜8â€™ (type â€˜intâ€™) to type â€˜cv::Pointâ€™
    kf.measurementMatrix.at(8) = 1.0f;
                             ^
/home/elikos/tracking_ws/src/tracking/tracking.cpp:46:30: error: no matching function for call to â€˜cv::Mat::at(int)â€™
    kf.measurementMatrix.at(16) = 1.0f;
                              ^
/home/elikos/tracking_ws/src/tracking/tracking.cpp:46:30: note: candidates are:
In file included from /usr/include/opencv2/highgui/highgui.hpp:46:0,
                 from /home/elikos/tracking_ws/src/tracking/tracking.cpp:6:
/usr/include/opencv2/core/core.hpp:1944:33: note: template<class _Tp> _Tp& cv::Mat::at(int)
     template<typename _Tp> _Tp& at(int i0=0);
                                 ^
/usr/include/opencv2/core/core.hpp:1944:33: note:   template argument deduction/substitution failed:
/home/elikos/tracking_ws/src/tracking/tracking.cpp:46:30: note:   couldn't deduce template parameter â€˜_Tpâ€™
    kf.measurementMatrix.at(16) = 1.0f;
                              ^
In file included from /usr/include/opencv2/highgui/highgui.hpp:46:0,
                 from /home/elikos/tracking_ws/src/tracking/tracking.cpp:6:
/usr/include/opencv2/core/core.hpp:1945:39: note: template<class _Tp> const _Tp& cv::Mat::at(int) const
     template<typename _Tp> const _Tp& at(int i0=0) const;
                                       ^
/usr/include/opencv2/core/core.hpp:1945:39: note:   template argument deduction/substitution failed:
/home/elikos/tracking_ws/src/tracking/tracking.cpp:46:30: note:   couldn't deduce template parameter â€˜_Tpâ€™
    kf.measurementMatrix.at(16) = 1.0f;
                              ^
In file included from /usr/include/opencv2/highgui/highgui.hpp:46:0,
                 from /home/elikos/tracking_ws/src/tracking/tracking.cpp:6:
/usr/include/opencv2/core/core.hpp:1947:33: note: template<class _Tp> _Tp& cv::Mat::at(int, int)
     template<typename _Tp> _Tp& at(int i0, int i1);
                                 ^
/usr/include/opencv2/core/core.hpp:1947:33: note:   template argument deduction/substitution failed:
/home/elikos/tracking_ws/src/tracking/tracking.cpp:46:30: note:   candidate expects 2 arguments, 1 provided
    kf.measurementMatrix.at(16) = 1.0f;
                              ^
In file included from /usr/include/opencv2/highgui/highgui.hpp:46:0,
                 from /home/elikos/tracking_ws/src/tracking/tracking.cpp:6:
/usr/include/opencv2/core/core.hpp:1948:39: note: template<class _Tp> const _Tp& cv::Mat::at(int, int) const
     template<typename _Tp> const _Tp& at(int i0, int i1) const;
                                       ^
/usr/include/opencv2/core/core.hpp:1948:39: note:   template argument deduction/substitution failed:
/home/elikos/tracking_ws/src/tracking/tracking.cpp:46:30: note:   candidate expects 2 arguments, 1 provided
    kf.measurementMatrix.at(16) = 1.0f;
                              ^
In file included from /usr/include/opencv2/highgui/highgui.hpp:46:0,
                 from /home/elikos/tracking_ws/src/tracking/tracking.cpp:6:
/usr/include/opencv2/core/core.hpp:1950:33: note: template<class _Tp> _Tp& cv::Mat::at(int, int, int)
     template<typename _Tp> _Tp& at(int i0, int i1, int i2);
                                 ^
/usr/include/opencv2/core/core.hpp:1950:33: note:   template argument deduction/substitution failed:
/home/elikos/tracking_ws/src/tracking/tracking.cpp:46:30: note:   candidate expects 3 arguments, 1 provided
    kf.measurementMatrix.at(16) = 1.0f;
                              ^
In file included from /usr/include/opencv2/highgui/highgui.hpp:46:0,
                 from /home/elikos/tracking_ws/src/tracking/tracking.cpp:6:
/usr/include/opencv2/core/core.hpp:1951:39: note: template<class _Tp> const _Tp& cv::Mat::at(int, int, int) const
     template<typename _Tp> const _Tp& at(int i0, int i1, int i2) const;
                                       ^
/usr/include/opencv2/core/core.hpp:1951:39: note:   template argument deduction/substitution failed:
/home/elikos/tracking_ws/src/tracking/tracking.cpp:46:30: note:   candidate expects 3 arguments, 1 provided
    kf.measurementMatrix.at(16) = 1.0f;
                              ^
In file included from /usr/include/opencv2/highgui/highgui.hpp:46:0,
                 from /home/elikos/tracking_ws/src/tracking/tracking.cpp:6:
/usr/include/opencv2/core/core.hpp:1953:33: note: template<class _Tp> _Tp& cv::Mat::at(const int*)
     template<typename _Tp> _Tp& at(const int* idx);
                                 ^
/usr/include/opencv2/core/core.hpp:1953:33: note:   template argument deduction/substitution failed:
/home/elikos/tracking_ws/src/tracking/tracking.cpp:46:30: note:   cannot convert â€˜16â€™ (type â€˜intâ€™) to type â€˜const int*â€™
    kf.measurementMatrix.at(16) = 1.0f;
                              ^
In file included from /usr/include/opencv2/highgui/highgui.hpp:46:0,
                 from /home/elikos/tracking_ws/src/tracking/tracking.cpp:6:
/usr/include/opencv2/core/core.hpp:1954:39: note: template<class _Tp> const _Tp& cv::Mat::at(const int*) const
     template<typename _Tp> const _Tp& at(const int* idx) const;
                                       ^
/usr/include/opencv2/core/core.hpp:1954:39: note:   template argument deduction/substitution failed:
/home/elikos/tracking_ws/src/tracking/tracking.cpp:46:30: note:   cannot convert â€˜16â€™ (type â€˜intâ€™) to type â€˜const int*â€™
    kf.measurementMatrix.at(16) = 1.0f;
                              ^
In file included from /usr/include/opencv2/highgui/highgui.hpp:46:0,
                 from /home/elikos/tracking_ws/src/tracking/tracking.cpp:6:
/usr/include/opencv2/core/core.hpp:1956:40: note: template<class _Tp, int n> _Tp& cv::Mat::at(const cv::Vec<int, n>&)
     template<typename _Tp, int n> _Tp& at(const Vec<int, n>& idx);
                                        ^
/usr/include/opencv2/core/core.hpp:1956:40: note:   template argument deduction/substitution failed:
/home/elikos/tracking_ws/src/tracking/tracking.cpp:46:30: note:   mismatched types â€˜const cv::Vec<int, n>â€™ and â€˜intâ€™
    kf.measurementMatrix.at(16) = 1.0f;
                              ^
In file included from /usr/include/opencv2/highgui/highgui.hpp:46:0,
                 from /home/elikos/tracking_ws/src/tracking/tracking.cpp:6:
/usr/include/opencv2/core/core.hpp:1957:46: note: template<class _Tp, int n> const _Tp& cv::Mat::at(const cv::Vec<int, n>&) const
     template<typename _Tp, int n> const _Tp& at(const Vec<int, n>& idx) const;
                                              ^
/usr/include/opencv2/core/core.hpp:1957:46: note:   template argument deduction/substitution failed:
/home/elikos/tracking_ws/src/tracking/tracking.cpp:46:30: note:   mismatched types â€˜const cv::Vec<int, n>â€™ and â€˜intâ€™
    kf.measurementMatrix.at(16) = 1.0f;
                              ^
In file included from /usr/include/opencv2/highgui/highgui.hpp:46:0,
                 from /home/elikos/tracking_ws/src/tracking/tracking.cpp:6:
/usr/include/opencv2/core/core.hpp:1960:33: note: template<class _Tp> _Tp& cv::Mat::at(cv::Point)
     template<typename _Tp> _Tp& at(Point pt);
                                 ^
/usr/include/opencv2/core/core.hpp:1960:33: note:   template argument deduction/substitution failed:
/home/elikos/tracking_ws/src/tracking/tracking.cpp:46:30: note:   cannot convert â€˜16â€™ (type â€˜intâ€™) to type â€˜cv::Pointâ€™
    kf.measurementMatrix.at(16) = 1.0f;
                              ^
In file included from /usr/include/opencv2/highgui/highgui.hpp:46:0,
                 from /home/elikos/tracking_ws/src/tracking/tracking.cpp:6:
/usr/include/opencv2/core/core.hpp:1961:39: note: template<class _Tp> const _Tp& cv::Mat::at(cv::Point) const
     template<typename _Tp> const _Tp& at(Point pt) const;
                                       ^
/usr/include/opencv2/core/core.hpp:1961:39: note:   template argument deduction/substitution failed:
/home/elikos/tracking_ws/src/tracking/tracking.cpp:46:30: note:   cannot convert â€˜16â€™ (type â€˜intâ€™) to type â€˜cv::Pointâ€™
    kf.measurementMatrix.at(16) = 1.0f;
                              ^
make[2]: *** [CMakeFiles/tracking_node.dir/tracking.cpp.o] Error 1
make[1]: *** [CMakeFiles/tracking_node.dir/all] Error 2
make: *** [all] Error 2
